<?xml version="1.0" encoding="UTF-8"?>
<testsuite name="com.academy.ParametrizedValidateNameTest" tests="5" skipped="0" failures="0" errors="0" timestamp="2014-10-05T15:30:27" hostname="hashnote" time="0.023">
  <properties/>
  <testcase name="ValidateTest[0]" classname="com.academy.ParametrizedValidateNameTest" time="0.002"/>
  <testcase name="ValidateTest[1]" classname="com.academy.ParametrizedValidateNameTest" time="0.018"/>
  <testcase name="ValidateTest[2]" classname="com.academy.ParametrizedValidateNameTest" time="0.001"/>
  <testcase name="ValidateTest[3]" classname="com.academy.ParametrizedValidateNameTest" time="0.0"/>
  <testcase name="ValidateTest[4]" classname="com.academy.ParametrizedValidateNameTest" time="0.0"/>
  <system-out><![CDATA[Name is invalid!
Name is invalid!
Name is invalid!
]]></system-out>
  <system-err><![CDATA[]]></system-err>
</testsuite>
